<?xml version="1.0" encoding="UTF-8"?>
<testng-results ignored="0" total="1" passed="1" failed="0" skipped="0">
  <reporter-output>
    <line>
      <![CDATA[openBrowser]]>
    </line>
    <line>
      <![CDATA[login]]>
    </line>
    <line>
      <![CDATA[CreateCustomer]]>
    </line>
    <line>
      <![CDATA[logout]]>
    </line>
    <line>
      <![CDATA[closeBrowser]]>
    </line>
  </reporter-output>
  <suite started-at="2022-07-01T20:36:23 IST" name="Default suite" finished-at="2022-07-01T20:36:59 IST" duration-ms="35656">
    <groups>
    </groups>
    <test started-at="2022-07-01T20:36:23 IST" name="Default test" finished-at="2022-07-01T20:36:59 IST" duration-ms="35656">
      <class name="com.actitime.testscript.CustomerModule">
        <test-method is-config="true" signature="openBrowser()[pri:0, instance:com.actitime.testscript.CustomerModule@28eaa59a]" started-at="2022-07-01T20:36:23 IST" name="openBrowser" finished-at="2022-07-01T20:36:27 IST" duration-ms="4289" status="PASS">
          <reporter-output>
            <line>
              <![CDATA[openBrowser]]>
            </line>
          </reporter-output>
        </test-method> <!-- openBrowser -->
        <test-method is-config="true" signature="login()[pri:0, instance:com.actitime.testscript.CustomerModule@28eaa59a]" started-at="2022-07-01T20:36:27 IST" name="login" finished-at="2022-07-01T20:36:42 IST" duration-ms="14774" status="PASS">
          <reporter-output>
            <line>
              <![CDATA[login]]>
            </line>
          </reporter-output>
        </test-method> <!-- login -->
        <test-method signature="testCreateCustomer()[pri:0, instance:com.actitime.testscript.CustomerModule@28eaa59a]" started-at="2022-07-01T20:36:42 IST" name="testCreateCustomer" finished-at="2022-07-01T20:36:55 IST" duration-ms="12539" status="PASS">
          <reporter-output>
            <line>
              <![CDATA[CreateCustomer]]>
            </line>
          </reporter-output>
        </test-method> <!-- testCreateCustomer -->
        <test-method is-config="true" signature="logout()[pri:0, instance:com.actitime.testscript.CustomerModule@28eaa59a]" started-at="2022-07-01T20:36:55 IST" name="logout" finished-at="2022-07-01T20:36:58 IST" duration-ms="3452" status="PASS">
          <reporter-output>
            <line>
              <![CDATA[logout]]>
            </line>
          </reporter-output>
        </test-method> <!-- logout -->
        <test-method is-config="true" signature="closeBrowser()[pri:0, instance:com.actitime.testscript.CustomerModule@28eaa59a]" started-at="2022-07-01T20:36:58 IST" name="closeBrowser" finished-at="2022-07-01T20:36:59 IST" duration-ms="539" status="PASS">
          <reporter-output>
            <line>
              <![CDATA[closeBrowser]]>
            </line>
          </reporter-output>
        </test-method> <!-- closeBrowser -->
      </class> <!-- com.actitime.testscript.CustomerModule -->
    </test> <!-- Default test -->
  </suite> <!-- Default suite -->
</testng-results>
